# JRE version: Java(TM) SE Runtime Environment 18.9 (11.0.11+9) (build 11.0.11+9-LTS-194)
# Java VM: Java HotSpot(TM) 64-Bit Server VM 18.9 (11.0.11+9-LTS-194, mixed mode, tiered, compressed oops, g1 gc, windows-amd64)
Heap:
 garbage-first heap   total 330752K, used 328584K [0x00000000e0000000, 0x0000000100000000)
  region size 1024K, 15 young (15360K), 0 survivors (0K)
 Metaspace       used 100950K, capacity 103783K, committed 105548K, reserved 346112K
  class space    used 13103K, capacity 14231K, committed 14924K, reserved 253952K
GC Heap History (10 events):
Event: 66.887 GC heap after
{Heap after GC invocations=38 (full 0):
 garbage-first heap   total 329728K, used 226955K [0x00000000e0000000, 0x0000000100000000)
  region size 1024K, 1 young (1024K), 1 survivors (1024K)
 Metaspace       used 98332K, capacity 101107K, committed 102988K, reserved 344064K
  class space    used 12814K, capacity 13916K, committed 14668K, reserved 253952K
}
Event: 67.334 GC heap before
{Heap before GC invocations=39 (full 0):
 garbage-first heap   total 329728K, used 273035K [0x00000000e0000000, 0x0000000100000000)
  region size 1024K, 19 young (19456K), 1 survivors (1024K)
 Metaspace       used 98339K, capacity 101107K, committed 102988K, reserved 344064K
  class space    used 12814K, capacity 13916K, committed 14668K, reserved 253952K
}
Event: 67.346 GC heap after
{Heap after GC invocations=40 (full 0):
 garbage-first heap   total 329728K, used 226150K [0x00000000e0000000, 0x0000000100000000)
  region size 1024K, 1 young (1024K), 1 survivors (1024K)
 Metaspace       used 98339K, capacity 101107K, committed 102988K, reserved 344064K
  class space    used 12814K, capacity 13916K, committed 14668K, reserved 253952K
}
Event: 67.594 GC heap before
{Heap before GC invocations=41 (full 0):
 garbage-first heap   total 329728K, used 277350K [0x00000000e0000000, 0x0000000100000000)
  region size 1024K, 11 young (11264K), 1 survivors (1024K)
 Metaspace       used 98339K, capacity 101107K, committed 102988K, reserved 344064K
  class space    used 12814K, capacity 13916K, committed 14668K, reserved 253952K
}
Event: 67.597 GC heap after
{Heap after GC invocations=42 (full 0):
 garbage-first heap   total 329728K, used 233671K [0x00000000e0000000, 0x0000000100000000)
  region size 1024K, 1 young (1024K), 1 survivors (1024K)
 Metaspace       used 98339K, capacity 101107K, committed 102988K, reserved 344064K
  class space    used 12814K, capacity 13916K, committed 14668K, reserved 253952K
}
Event: 67.803 GC heap before
{Heap before GC invocations=43 (full 0):
 garbage-first heap   total 329728K, used 269511K [0x00000000e0000000, 0x0000000100000000)
  region size 1024K, 12 young (12288K), 1 survivors (1024K)
 Metaspace       used 98361K, capacity 101107K, committed 102988K, reserved 344064K
  class space    used 12814K, capacity 13916K, committed 14668K, reserved 253952K
}
Event: 67.806 GC heap after
{Heap after GC invocations=44 (full 0):
 garbage-first heap   total 329728K, used 226012K [0x00000000e0000000, 0x0000000100000000)
  region size 1024K, 1 young (1024K), 1 survivors (1024K)
 Metaspace       used 98361K, capacity 101107K, committed 102988K, reserved 344064K
  class space    used 12814K, capacity 13916K, committed 14668K, reserved 253952K
}
Event: 68.256 GC heap before
{Heap before GC invocations=45 (full 0):
 garbage-first heap   total 329728K, used 241372K [0x00000000e0000000, 0x0000000100000000)
  region size 1024K, 15 young (15360K), 1 survivors (1024K)
 Metaspace       used 98728K, capacity 101418K, committed 103244K, reserved 344064K
  class space    used 12856K, capacity 13952K, committed 14668K, reserved 253952K
}
Event: 68.260 GC heap after
{Heap after GC invocations=46 (full 0):
 garbage-first heap   total 329728K, used 226184K [0x00000000e0000000, 0x0000000100000000)
  region size 1024K, 1 young (1024K), 1 survivors (1024K)
 Metaspace       used 98728K, capacity 101418K, committed 103244K, reserved 344064K
  class space    used 12856K, capacity 13952K, committed 14668K, reserved 253952K
}
Event: 69.141 GC heap before
{Heap before GC invocations=47 (full 0):
 garbage-first heap   total 329728K, used 328584K [0x00000000e0000000, 0x0000000100000000)
  region size 1024K, 16 young (16384K), 1 survivors (1024K)
 Metaspace       used 100950K, capacity 103783K, committed 105548K, reserved 346112K
  class space    used 13103K, capacity 14231K, committed 14924K, reserved 253952K
}

